2025-05-26 23:12:11,401 - INFO - Found 53 videos and 2905 GPX files
2025-05-26 23:12:11,774 - INFO - Using GPUs: [device(type='cuda', index=0), device(type='cuda', index=1)]
2025-05-26 23:12:12,006 - INFO - Initialized 2 CUDA optical flow calculators
2025-05-26 23:12:12,115 - INFO - Correlator using devices: [device(type='cuda', index=0), device(type='cuda', index=1)]
2025-05-26 23:12:12,119 - INFO - Processing videos...
2025-05-26 23:12:12,119 - INFO - Loaded cached video features for 53 videos
2025-05-26 23:12:12,119 - INFO - Processing GPX files...
2025-05-26 23:12:12,633 - INFO - Loaded cached GPX features for 2731 files
2025-05-26 23:12:12,633 - INFO - Performing correlation analysis...
2025-05-26 23:12:12,633 - INFO - Correlating 53 videos with 2731 GPX files
2025-05-26 23:12:12,634 - INFO - Accuracy report saved to correlation_results/accuracy_report.json
2025-05-26 23:12:12,634 - INFO - Summary saved to correlation_results/summary.txt
2025-05-26 23:12:12,635 - INFO - Analysis complete! Results saved to correlation_results
2025-05-26 23:12:41,523 - INFO - Found 53 videos and 2905 GPX files
2025-05-26 23:12:41,847 - INFO - Using GPUs: [device(type='cuda', index=0), device(type='cuda', index=1)]
2025-05-26 23:12:42,083 - INFO - Initialized 2 CUDA optical flow calculators
2025-05-26 23:12:42,192 - INFO - Correlator using devices: [device(type='cuda', index=0), device(type='cuda', index=1)]
2025-05-26 23:12:42,196 - INFO - Processing videos...
2025-05-26 23:12:42,196 - INFO - Loaded cached video features for 53 videos
2025-05-26 23:12:42,196 - INFO - Processing GPX files...
2025-05-26 23:12:42,708 - INFO - Loaded cached GPX features for 2731 files
2025-05-26 23:12:42,708 - INFO - Performing correlation analysis...
2025-05-26 23:12:42,709 - INFO - Correlating 53 videos with 2731 GPX files
2025-05-26 23:12:42,710 - INFO - Accuracy report saved to correlation_results/accuracy_report.json
2025-05-26 23:12:42,710 - INFO - Summary saved to correlation_results/summary.txt
2025-05-26 23:12:42,710 - INFO - Analysis complete! Results saved to correlation_results
2025-05-26 23:13:51,162 - INFO - Found 53 videos and 2905 GPX files
2025-05-26 23:13:51,538 - INFO - Using GPUs: [device(type='cuda', index=0), device(type='cuda', index=1)]
2025-05-26 23:13:51,773 - INFO - Initialized 2 CUDA optical flow calculators
2025-05-26 23:13:51,881 - INFO - Correlator using devices: [device(type='cuda', index=0), device(type='cuda', index=1)]
2025-05-26 23:13:51,885 - INFO - Processing videos...
2025-05-26 23:42:57,827 - ERROR - Error processing /home/preston/penis/panoramics/playground/temp_video_258120956227092480.MP4: Cannot open video: /home/preston/penis/panoramics/playground/temp_video_258120956227092480.MP4
2025-05-27 00:13:36,424 - INFO - Processed and cached 53 videos
2025-05-27 00:13:36,424 - INFO - Processing GPX files...
2025-05-27 00:14:11,994 - INFO - Processed and cached 2736 GPX files
2025-05-27 00:14:11,994 - INFO - Performing correlation analysis...
2025-05-27 00:14:11,995 - INFO - Correlating 53 videos with 2736 GPX files
2025-05-28 10:06:34,141 - INFO - Found 53 videos and 2905 GPX files
2025-05-28 10:06:34,523 - INFO - Using GPUs: [device(type='cuda', index=0), device(type='cuda', index=1)]
2025-05-28 10:06:34,777 - INFO - Initialized 2 CUDA optical flow calculators
2025-05-28 10:06:34,886 - INFO - Correlator using devices: [device(type='cuda', index=0), device(type='cuda', index=1)]
2025-05-28 10:06:34,890 - INFO - Processing videos...
2025-05-28 10:07:59,025 - INFO - Processed /home/preston/penis/panoramics/playground/temp_video_257228963540111360.MP4: 184 samples, 0 failed frames
2025-05-28 10:09:44,859 - INFO - Processed /home/preston/penis/panoramics/playground/temp_video_257734894283657216.MP4: 238 samples, 0 failed frames
2025-05-28 10:10:47,308 - INFO - Processed /home/preston/penis/panoramics/playground/temp_video_257773285935157248.MP4: 137 samples, 0 failed frames
2025-05-28 10:12:13,417 - INFO - Processed /home/preston/penis/panoramics/playground/temp_video_249942245577330688.MP4: 193 samples, 0 failed frames
2025-05-28 10:17:10,746 - INFO - Processed /home/preston/penis/panoramics/playground/temp_video_257734469832671232.MP4: 662 samples, 0 failed frames
2025-05-28 10:18:40,730 - INFO - Processed /home/preston/penis/panoramics/playground/temp_video_249592507485130752.MP4: 1735 samples, 0 failed frames
2025-05-28 10:19:28,726 - INFO - Processed /home/preston/penis/panoramics/playground/temp_video_249942089528250368.MP4: 324 samples, 0 failed frames
2025-05-28 10:20:19,362 - INFO - Processed /home/preston/penis/panoramics/playground/temp_video_249941923572224000.MP4: 226 samples, 0 failed frames
2025-05-28 10:21:09,713 - INFO - Processed /home/preston/penis/panoramics/playground/temp_video_249941901552128000.MP4: 226 samples, 0 failed frames
2025-05-28 10:22:15,613 - INFO - Processed /home/preston/penis/panoramics/playground/temp_video_249173973948960768.MP4: 145 samples, 0 failed frames
2025-05-28 10:22:39,897 - INFO - Processed /home/preston/penis/panoramics/playground/temp_video_245977211675348992.MP4: 657 samples, 0 failed frames
2025-05-28 10:23:09,083 - INFO - Processed /home/preston/penis/panoramics/playground/temp_video_257773083790675968.MP4: 119 samples, 0 failed frames
2025-05-28 10:24:29,298 - INFO - Processed /home/preston/penis/panoramics/playground/temp_video_257743651008942080.MP4: 186 samples, 0 failed frames
2025-05-28 10:25:10,081 - INFO - Processed /home/preston/penis/panoramics/playground/temp_video_257228896406081536.MP4: 355 samples, 0 failed frames
2025-05-28 10:26:13,451 - INFO - Processed /home/preston/penis/panoramics/playground/temp_video_249941993562574848.MP4: 185 samples, 0 failed frames
2025-05-28 10:27:28,591 - INFO - Processed /home/preston/penis/panoramics/playground/temp_video_257735046302011392.MP4: 167 samples, 0 failed frames
2025-05-28 10:28:17,868 - INFO - Processed /home/preston/penis/panoramics/playground/temp_video_258120726022717440.MP4: 528 samples, 0 failed frames
2025-05-28 10:28:55,192 - INFO - Processed /home/preston/penis/panoramics/playground/temp_video_257228723999215616.MP4: 200 samples, 0 failed frames
2025-05-28 10:29:31,030 - INFO - Processed /home/preston/penis/panoramics/playground/temp_video_257229067357523968.MP4: 155 samples, 0 failed frames
2025-05-28 10:30:00,061 - INFO - Processed /home/preston/penis/panoramics/playground/temp_video_257743398239211520.MP4: 246 samples, 0 failed frames
2025-05-28 10:31:34,706 - INFO - Processed /home/preston/penis/panoramics/playground/temp_video_257743136959238144.MP4: 226 samples, 0 failed frames
2025-05-28 10:31:36,756 - INFO - Processed /home/preston/penis/panoramics/playground/temp_video_257851179575279616.MP4: 295 samples, 0 failed frames
2025-05-28 10:32:31,913 - INFO - Processed /home/preston/penis/panoramics/playground/temp_video_257773012462342144.MP4: 127 samples, 0 failed frames
2025-05-28 10:33:00,919 - INFO - Processed /home/preston/penis/panoramics/playground/temp_video_250330889232318464.MP4: 193 samples, 0 failed frames
2025-05-28 10:33:42,826 - INFO - Processed /home/preston/penis/panoramics/playground/temp_video_257743588501229568.MP4: 165 samples, 0 failed frames
2025-05-28 10:34:58,710 - INFO - Processed /home/preston/penis/panoramics/playground/temp_video_257851090437931008.MP4: 271 samples, 0 failed frames
2025-05-28 10:34:58,717 - ERROR - Error processing /home/preston/penis/panoramics/playground/temp_video_258120956227092480.MP4: Cannot open video: /home/preston/penis/panoramics/playground/temp_video_258120956227092480.MP4
2025-05-28 10:37:13,916 - INFO - Processed /home/preston/penis/panoramics/playground/temp_video_249942172042792960.MP4: 310 samples, 0 failed frames
2025-05-28 10:37:23,066 - INFO - Processed /home/preston/penis/panoramics/playground/temp_video_257773356021977088.MP4: 22 samples, 0 failed frames
2025-05-28 10:37:55,596 - INFO - Processed /home/preston/penis/panoramics/playground/temp_video_257851359343149056.MP4: 602 samples, 0 failed frames
2025-05-28 10:38:43,909 - INFO - Processed /home/preston/penis/panoramics/playground/temp_video_249942026068430848.MP4: 185 samples, 0 failed frames
2025-05-28 10:39:32,221 - INFO - Processed /home/preston/penis/panoramics/playground/temp_video_250331087916498944.MP4: 292 samples, 0 failed frames
2025-05-28 10:40:22,569 - INFO - Processed /home/preston/penis/panoramics/playground/temp_video_249941772178817024.MP4: 212 samples, 0 failed frames
2025-05-28 10:41:49,638 - INFO - Processed /home/preston/penis/panoramics/playground/temp_video_245977240184033280.MP4: 665 samples, 0 failed frames
2025-05-28 10:42:44,627 - INFO - Processed /home/preston/penis/panoramics/playground/temp_video_257743518921920512.MP4: 337 samples, 0 failed frames
2025-05-28 10:43:16,996 - INFO - Processed /home/preston/penis/panoramics/playground/temp_video_257772921898930176.MP4: 198 samples, 0 failed frames
2025-05-28 10:43:39,194 - INFO - Processed /home/preston/penis/panoramics/playground/temp_video_258120635975204864.MP4: 53 samples, 0 failed frames
2025-05-28 10:44:20,296 - INFO - Processed /home/preston/penis/panoramics/playground/temp_video_257743331197456384.MP4: 216 samples, 0 failed frames
2025-05-28 10:44:47,523 - INFO - Processed /home/preston/penis/panoramics/playground/temp_video_249174044895608832.MP4: 153 samples, 0 failed frames
2025-05-28 10:45:59,299 - INFO - Processed /home/preston/penis/panoramics/playground/temp_video_257743713122390016.MP4: 220 samples, 0 failed frames
2025-05-28 10:47:28,259 - INFO - Processed /home/preston/penis/panoramics/playground/temp_video_257851438967816192.MP4: 210 samples, 0 failed frames
2025-05-28 10:49:48,674 - INFO - Processed /home/preston/penis/panoramics/playground/temp_video_249409624610967552.MP4: 321 samples, 0 failed frames
2025-05-28 10:51:33,816 - INFO - Processed /home/preston/penis/panoramics/playground/temp_video_249409997794967552.MP4: 239 samples, 0 failed frames
2025-05-28 10:52:29,865 - INFO - Processed /home/preston/penis/panoramics/playground/temp_video_258120568170090496.MP4: 127 samples, 0 failed frames
2025-05-28 10:54:38,169 - INFO - Processed /home/preston/penis/panoramics/playground/temp_video_245977170369839104.MP4: 607 samples, 0 failed frames
2025-05-28 10:56:51,446 - INFO - Processed /home/preston/penis/panoramics/playground/temp_video_252688633415340032.MP4: 1735 samples, 0 failed frames
2025-05-28 10:57:49,333 - INFO - Processed /home/preston/penis/panoramics/playground/temp_video_250331188558823424.MP4: 184 samples, 0 failed frames
2025-05-28 11:00:47,066 - INFO - Processed /home/preston/penis/panoramics/playground/temp_video_257851342414938112.MP4: 602 samples, 0 failed frames
2025-05-28 11:02:18,017 - INFO - Processed /home/preston/penis/panoramics/playground/temp_video_257228761450156032.MP4: 219 samples, 21 failed frames
2025-05-28 11:02:52,562 - INFO - Processed /home/preston/penis/panoramics/playground/temp_video_249942306101137408.MP4: 208 samples, 0 failed frames
2025-05-28 11:03:50,617 - INFO - Processed /home/preston/penis/panoramics/playground/temp_video_250331270888820736.MP4: 184 samples, 0 failed frames
2025-05-28 11:05:10,684 - INFO - Processed /home/preston/penis/panoramics/playground/temp_video_250331930711560192.MP4: 255 samples, 0 failed frames
2025-05-28 11:06:36,132 - INFO - Processed /home/preston/penis/panoramics/playground/temp_video_257229013439746048.MP4: 265 samples, 0 failed frames
2025-05-28 11:06:36,286 - INFO - Processed and cached 53 videos
2025-05-28 11:06:36,286 - INFO - Processing GPX files...
2025-05-28 11:07:11,832 - INFO - Processed and cached 2736 GPX files
2025-05-28 11:07:11,832 - INFO - Performing correlation analysis...
2025-05-28 11:07:11,832 - INFO - Correlating 53 videos with 2736 GPX files
2025-05-28 13:30:03,574 - INFO - Found 53 videos and 2905 GPX files
2025-05-28 13:30:03,946 - INFO - Using GPUs: [device(type='cuda', index=0), device(type='cuda', index=1)]
2025-05-28 13:30:04,178 - INFO - Initialized 2 CUDA optical flow calculators
2025-05-28 13:30:04,285 - INFO - Correlator using devices: [device(type='cuda', index=0), device(type='cuda', index=1)]
2025-05-28 13:30:04,290 - INFO - Processing videos...
2025-05-28 13:31:27,647 - INFO - Processed /home/preston/penis/panoramics/playground/temp_video_257228963540111360.MP4: 184 samples, 0 failed frames
2025-05-28 13:33:12,088 - INFO - Processed /home/preston/penis/panoramics/playground/temp_video_257734894283657216.MP4: 238 samples, 0 failed frames
2025-05-28 13:34:14,808 - INFO - Processed /home/preston/penis/panoramics/playground/temp_video_257773285935157248.MP4: 137 samples, 0 failed frames
2025-05-28 13:35:39,659 - INFO - Processed /home/preston/penis/panoramics/playground/temp_video_249942245577330688.MP4: 193 samples, 0 failed frames
2025-05-28 13:40:32,656 - INFO - Processed /home/preston/penis/panoramics/playground/temp_video_257734469832671232.MP4: 662 samples, 0 failed frames
2025-05-28 13:42:29,009 - INFO - Processed /home/preston/penis/panoramics/playground/temp_video_249592507485130752.MP4: 1735 samples, 0 failed frames
2025-05-28 13:42:53,324 - INFO - Processed /home/preston/penis/panoramics/playground/temp_video_249942089528250368.MP4: 324 samples, 0 failed frames
2025-05-28 13:44:07,140 - INFO - Processed /home/preston/penis/panoramics/playground/temp_video_249941923572224000.MP4: 226 samples, 0 failed frames
2025-05-28 13:44:32,283 - INFO - Processed /home/preston/penis/panoramics/playground/temp_video_249941901552128000.MP4: 226 samples, 0 failed frames
2025-05-28 13:45:38,775 - INFO - Processed /home/preston/penis/panoramics/playground/temp_video_249173973948960768.MP4: 145 samples, 0 failed frames
2025-05-28 13:46:26,190 - INFO - Processed /home/preston/penis/panoramics/playground/temp_video_245977211675348992.MP4: 657 samples, 0 failed frames
2025-05-28 13:46:33,647 - INFO - Processed /home/preston/penis/panoramics/playground/temp_video_257773083790675968.MP4: 119 samples, 0 failed frames
2025-05-28 13:47:53,459 - INFO - Processed /home/preston/penis/panoramics/playground/temp_video_257743651008942080.MP4: 186 samples, 0 failed frames
2025-05-28 13:48:59,859 - INFO - Processed /home/preston/penis/panoramics/playground/temp_video_257228896406081536.MP4: 355 samples, 0 failed frames
2025-05-28 13:50:05,422 - INFO - Processed /home/preston/penis/panoramics/playground/temp_video_249941993562574848.MP4: 185 samples, 0 failed frames
2025-05-28 13:51:19,520 - INFO - Processed /home/preston/penis/panoramics/playground/temp_video_257735046302011392.MP4: 167 samples, 0 failed frames
2025-05-28 13:51:41,786 - INFO - Processed /home/preston/penis/panoramics/playground/temp_video_258120726022717440.MP4: 528 samples, 0 failed frames
2025-05-28 13:52:44,648 - INFO - Processed /home/preston/penis/panoramics/playground/temp_video_257228723999215616.MP4: 200 samples, 0 failed frames
2025-05-28 13:53:21,499 - INFO - Processed /home/preston/penis/panoramics/playground/temp_video_257743398239211520.MP4: 246 samples, 0 failed frames
2025-05-28 13:53:23,349 - INFO - Processed /home/preston/penis/panoramics/playground/temp_video_257229067357523968.MP4: 155 samples, 0 failed frames
2025-05-28 13:54:55,911 - INFO - Processed /home/preston/penis/panoramics/playground/temp_video_257743136959238144.MP4: 226 samples, 0 failed frames
2025-05-28 13:55:30,620 - INFO - Processed /home/preston/penis/panoramics/playground/temp_video_257851179575279616.MP4: 295 samples, 0 failed frames
2025-05-28 13:55:50,830 - INFO - Processed /home/preston/penis/panoramics/playground/temp_video_257773012462342144.MP4: 127 samples, 0 failed frames
2025-05-28 13:56:55,581 - INFO - Processed /home/preston/penis/panoramics/playground/temp_video_250330889232318464.MP4: 193 samples, 0 failed frames
2025-05-28 13:57:03,614 - INFO - Processed /home/preston/penis/panoramics/playground/temp_video_257743588501229568.MP4: 165 samples, 0 failed frames
2025-05-28 13:58:53,552 - INFO - Processed /home/preston/penis/panoramics/playground/temp_video_257851090437931008.MP4: 271 samples, 0 failed frames
2025-05-28 13:58:53,559 - ERROR - Error processing /home/preston/penis/panoramics/playground/temp_video_258120956227092480.MP4: Cannot open video: /home/preston/penis/panoramics/playground/temp_video_258120956227092480.MP4
2025-05-28 14:01:11,590 - INFO - Processed /home/preston/penis/panoramics/playground/temp_video_249942172042792960.MP4: 310 samples, 0 failed frames
2025-05-28 14:01:20,016 - INFO - Processed /home/preston/penis/panoramics/playground/temp_video_257851359343149056.MP4: 602 samples, 0 failed frames
2025-05-28 14:01:20,514 - INFO - Processed /home/preston/penis/panoramics/playground/temp_video_257773356021977088.MP4: 22 samples, 0 failed frames
2025-05-28 14:02:08,561 - INFO - Processed /home/preston/penis/panoramics/playground/temp_video_249942026068430848.MP4: 185 samples, 0 failed frames
2025-05-28 14:03:29,425 - INFO - Processed /home/preston/penis/panoramics/playground/temp_video_250331087916498944.MP4: 292 samples, 0 failed frames
2025-05-28 14:03:46,159 - INFO - Processed /home/preston/penis/panoramics/playground/temp_video_249941772178817024.MP4: 212 samples, 0 failed frames
2025-05-28 14:05:47,608 - INFO - Processed /home/preston/penis/panoramics/playground/temp_video_245977240184033280.MP4: 665 samples, 0 failed frames
2025-05-28 14:06:11,590 - INFO - Processed /home/preston/penis/panoramics/playground/temp_video_257743518921920512.MP4: 337 samples, 0 failed frames
2025-05-28 14:07:13,956 - INFO - Processed /home/preston/penis/panoramics/playground/temp_video_257772921898930176.MP4: 198 samples, 0 failed frames
2025-05-28 14:07:37,237 - INFO - Processed /home/preston/penis/panoramics/playground/temp_video_258120635975204864.MP4: 53 samples, 0 failed frames
2025-05-28 14:07:45,673 - INFO - Processed /home/preston/penis/panoramics/playground/temp_video_257743331197456384.MP4: 216 samples, 0 failed frames
2025-05-28 14:08:44,617 - INFO - Processed /home/preston/penis/panoramics/playground/temp_video_249174044895608832.MP4: 153 samples, 0 failed frames
2025-05-28 14:09:22,185 - INFO - Processed /home/preston/penis/panoramics/playground/temp_video_257743713122390016.MP4: 220 samples, 0 failed frames
2025-05-28 14:10:51,882 - INFO - Processed /home/preston/penis/panoramics/playground/temp_video_257851438967816192.MP4: 210 samples, 0 failed frames
2025-05-28 14:13:11,926 - INFO - Processed /home/preston/penis/panoramics/playground/temp_video_249409624610967552.MP4: 321 samples, 0 failed frames
2025-05-28 14:14:57,955 - INFO - Processed /home/preston/penis/panoramics/playground/temp_video_249409997794967552.MP4: 239 samples, 0 failed frames
2025-05-28 14:15:54,819 - INFO - Processed /home/preston/penis/panoramics/playground/temp_video_258120568170090496.MP4: 127 samples, 0 failed frames
2025-05-28 14:18:02,716 - INFO - Processed /home/preston/penis/panoramics/playground/temp_video_245977170369839104.MP4: 607 samples, 0 failed frames
2025-05-28 14:20:40,009 - INFO - Processed /home/preston/penis/panoramics/playground/temp_video_252688633415340032.MP4: 1735 samples, 0 failed frames
2025-05-28 14:21:38,067 - INFO - Processed /home/preston/penis/panoramics/playground/temp_video_250331188558823424.MP4: 184 samples, 0 failed frames
2025-05-28 14:24:31,211 - INFO - Processed /home/preston/penis/panoramics/playground/temp_video_257851342414938112.MP4: 602 samples, 0 failed frames
2025-05-28 14:26:01,564 - INFO - Processed /home/preston/penis/panoramics/playground/temp_video_257228761450156032.MP4: 219 samples, 21 failed frames
2025-05-28 14:26:36,279 - INFO - Processed /home/preston/penis/panoramics/playground/temp_video_249942306101137408.MP4: 208 samples, 0 failed frames
2025-05-28 14:27:34,392 - INFO - Processed /home/preston/penis/panoramics/playground/temp_video_250331270888820736.MP4: 184 samples, 0 failed frames
2025-05-28 14:28:54,022 - INFO - Processed /home/preston/penis/panoramics/playground/temp_video_250331930711560192.MP4: 255 samples, 0 failed frames
2025-05-28 14:30:18,200 - INFO - Processed /home/preston/penis/panoramics/playground/temp_video_257229013439746048.MP4: 265 samples, 0 failed frames
2025-05-28 14:30:18,341 - INFO - Processed and cached 53 videos
2025-05-28 14:30:18,341 - INFO - Processing GPX files...
2025-05-28 14:30:53,925 - INFO - Processed and cached 2736 GPX files
2025-05-28 14:30:53,926 - INFO - Performing correlation analysis...
2025-05-28 14:30:53,926 - INFO - Correlating 53 videos with 2736 GPX files
