2025-07-06 10:24:06,070 - gpu_offsetter - INFO - 🎮 Detected 2 CUDA GPUs
2025-07-06 10:24:06,226 - gpu_offsetter - INFO - GPU 0: 15.5GB total memory
2025-07-06 10:24:06,326 - gpu_offsetter - INFO - GPU 1: 15.5GB total memory
2025-07-06 10:24:06,326 - gpu_offsetter - INFO - Loading results from ../Visualizer/MatcherFiles/complete_turbo_360_report_ramcache.json
2025-07-06 10:24:07,381 - gpu_offsetter - INFO - 🎮 Processing 148895 matches with 2 GPUs
2025-07-06 10:24:07,382 - gpu_offsetter - INFO - GPU Memory: 10.0GB per GPU
2025-07-06 10:24:07,382 - gpu_offsetter - INFO - GPU Batch Size: 512
2025-07-06 10:24:07,382 - gpu_offsetter - INFO - CUDA Streams: 16 per GPU
2025-07-06 10:24:07,382 - gpu_offsetter - INFO - 🎮 Initializing GPU resources for devices: [0, 1]
2025-07-06 10:24:07,384 - gpu_offsetter - INFO -    GPU 0: 15.5GB total, 10.0GB allocated, 16 streams
2025-07-06 10:24:07,386 - gpu_offsetter - INFO -    GPU 1: 15.5GB total, 10.0GB allocated, 16 streams
2025-07-06 10:24:07,388 - gpu_offsetter - INFO - ✅ OpenCV GPU support enabled
2025-07-06 10:24:07,388 - gpu_offsetter - INFO - 🎮 GPU Offset Processor initialized with 2 GPUs
2025-07-06 10:24:11,188 - gpu_offsetter - ERROR - Error processing video /home/preston/penis/panoramics/playground/temp_video_245977211675348992.MP4: module 'cv2.cuda' has no attribute 'GaussianBlur'
2025-07-06 10:24:11,293 - gpu_offsetter - ERROR - Error processing video /home/preston/penis/panoramics/playground/temp_video_249409624610967552.MP4: module 'cv2.cuda' has no attribute 'GaussianBlur'
2025-07-06 10:24:11,418 - gpu_offsetter - ERROR - Error processing video /home/preston/penis/panoramics/playground/temp_video_245977170369839104.MP4: module 'cv2.cuda' has no attribute 'GaussianBlur'
2025-07-06 10:24:11,694 - gpu_offsetter - ERROR - Error processing video /home/preston/penis/panoramics/playground/temp_video_249173973948960768.MP4: module 'cv2.cuda' has no attribute 'GaussianBlur'
2025-07-06 10:24:11,881 - gpu_offsetter - ERROR - Error processing video /home/preston/penis/panoramics/playground/temp_video_249592507485130752.MP4: module 'cv2.cuda' has no attribute 'GaussianBlur'
2025-07-06 10:24:11,882 - gpu_offsetter - INFO - 🚀 Progress: 5/148895 (0.0%) | Success: 0.0% | GPU: 0.0% | Memory: [GPU0: 0%, GPU1: 0%] | ETA: 2230.0m
2025-07-06 10:24:12,019 - gpu_offsetter - ERROR - Error processing video /home/preston/penis/panoramics/playground/temp_video_245977240184033280.MP4: module 'cv2.cuda' has no attribute 'GaussianBlur'
2025-07-06 10:24:12,253 - gpu_offsetter - ERROR - Error processing video /home/preston/penis/panoramics/playground/temp_video_249941901552128000.MP4: module 'cv2.cuda' has no attribute 'GaussianBlur'
2025-07-06 10:24:12,530 - gpu_offsetter - ERROR - Error processing video /home/preston/penis/panoramics/playground/temp_video_249174044895608832.MP4: module 'cv2.cuda' has no attribute 'GaussianBlur'
2025-07-06 10:24:12,791 - gpu_offsetter - ERROR - Error processing video /home/preston/penis/panoramics/playground/temp_video_249409997794967552.MP4: module 'cv2.cuda' has no attribute 'GaussianBlur'
2025-07-06 10:24:13,004 - gpu_offsetter - ERROR - Error processing video /home/preston/penis/panoramics/playground/temp_video_249941772178817024.MP4: module 'cv2.cuda' has no attribute 'GaussianBlur'
2025-07-06 10:24:13,004 - gpu_offsetter - INFO - 🚀 Progress: 10/148895 (0.0%) | Success: 0.0% | GPU: 0.0% | Memory: [GPU0: 0%, GPU1: 0%] | ETA: 1393.4m
2025-07-06 10:24:13,265 - gpu_offsetter - ERROR - Error processing video /home/preston/penis/panoramics/playground/temp_video_249941923572224000.MP4: module 'cv2.cuda' has no attribute 'GaussianBlur'
2025-07-06 10:24:13,533 - gpu_offsetter - ERROR - Error processing video /home/preston/penis/panoramics/playground/temp_video_249941993562574848.MP4: module 'cv2.cuda' has no attribute 'GaussianBlur'
2025-07-06 10:24:13,752 - gpu_offsetter - ERROR - Error processing video /home/preston/penis/panoramics/playground/temp_video_249942089528250368.MP4: module 'cv2.cuda' has no attribute 'GaussianBlur'
2025-07-06 10:24:13,925 - gpu_offsetter - ERROR - Error processing video /home/preston/penis/panoramics/playground/temp_video_249942245577330688.MP4: module 'cv2.cuda' has no attribute 'GaussianBlur'
2025-07-06 10:24:14,224 - gpu_offsetter - ERROR - Error processing video /home/preston/penis/panoramics/playground/temp_video_250330889232318464.MP4: module 'cv2.cuda' has no attribute 'GaussianBlur'
2025-07-06 10:24:14,224 - gpu_offsetter - INFO - 🚀 Progress: 15/148895 (0.0%) | Success: 0.0% | GPU: 0.0% | Memory: [GPU0: 0%, GPU1: 0%] | ETA: 1130.8m
2025-07-06 10:24:14,472 - gpu_offsetter - ERROR - Error processing video /home/preston/penis/panoramics/playground/temp_video_250331188558823424.MP4: module 'cv2.cuda' has no attribute 'GaussianBlur'
2025-07-06 10:24:14,479 - gpu_offsetter - ERROR - Error processing video /home/preston/penis/panoramics/playground/temp_video_249942026068430848.MP4: module 'cv2.cuda' has no attribute 'GaussianBlur'
2025-07-06 10:24:14,536 - gpu_offsetter - ERROR - Error processing video /home/preston/penis/panoramics/playground/temp_video_250331930711560192.MP4: module 'cv2.cuda' has no attribute 'GaussianBlur'
2025-07-06 10:24:14,985 - gpu_offsetter - ERROR - Error processing video /home/preston/penis/panoramics/playground/temp_video_249942172042792960.MP4: module 'cv2.cuda' has no attribute 'GaussianBlur'
2025-07-06 10:24:15,174 - gpu_offsetter - ERROR - Error processing video /home/preston/penis/panoramics/playground/temp_video_257228723999215616.MP4: module 'cv2.cuda' has no attribute 'GaussianBlur'
2025-07-06 10:24:15,174 - gpu_offsetter - INFO - 🚀 Progress: 20/148895 (0.0%) | Success: 0.0% | GPU: 0.0% | Memory: [GPU0: 0%, GPU1: 0%] | ETA: 965.9m
2025-07-06 10:24:15,403 - gpu_offsetter - ERROR - Error processing video /home/preston/penis/panoramics/playground/temp_video_257228896406081536.MP4: module 'cv2.cuda' has no attribute 'GaussianBlur'
2025-07-06 10:24:15,676 - gpu_offsetter - ERROR - Error processing video /home/preston/penis/panoramics/playground/temp_video_257229013439746048.MP4: module 'cv2.cuda' has no attribute 'GaussianBlur'
2025-07-06 10:24:15,863 - gpu_offsetter - ERROR - Error processing video /home/preston/penis/panoramics/playground/temp_video_257734469832671232.MP4: module 'cv2.cuda' has no attribute 'GaussianBlur'
2025-07-06 10:24:16,011 - gpu_offsetter - ERROR - Error processing video /home/preston/penis/panoramics/playground/temp_video_249942306101137408.MP4: module 'cv2.cuda' has no attribute 'GaussianBlur'
2025-07-06 10:24:16,302 - gpu_offsetter - ERROR - Error processing video /home/preston/penis/panoramics/playground/temp_video_257735046302011392.MP4: module 'cv2.cuda' has no attribute 'GaussianBlur'
2025-07-06 10:24:16,302 - gpu_offsetter - INFO - 🚀 Progress: 25/148895 (0.0%) | Success: 0.0% | GPU: 0.0% | Memory: [GPU0: 0%, GPU1: 0%] | ETA: 884.6m
2025-07-06 10:24:16,463 - gpu_offsetter - ERROR - Error processing video /home/preston/penis/panoramics/playground/temp_video_250331087916498944.MP4: module 'cv2.cuda' has no attribute 'GaussianBlur'
2025-07-06 10:24:16,717 - gpu_offsetter - ERROR - Error processing video /home/preston/penis/panoramics/playground/temp_video_257743136959238144.MP4: module 'cv2.cuda' has no attribute 'GaussianBlur'
2025-07-06 10:24:16,895 - gpu_offsetter - ERROR - Error processing video /home/preston/penis/panoramics/playground/temp_video_250331270888820736.MP4: module 'cv2.cuda' has no attribute 'GaussianBlur'
2025-07-06 10:24:17,044 - gpu_offsetter - ERROR - Error processing video /home/preston/penis/panoramics/playground/temp_video_257743256610148352.MP4: module 'cv2.cuda' has no attribute 'GaussianBlur'
2025-07-06 10:24:17,284 - gpu_offsetter - ERROR - Error processing video /home/preston/penis/panoramics/playground/temp_video_252688633415340032.MP4: module 'cv2.cuda' has no attribute 'GaussianBlur'
2025-07-06 10:24:17,284 - gpu_offsetter - INFO - 🚀 Progress: 30/148895 (0.0%) | Success: 0.0% | GPU: 0.0% | Memory: [GPU0: 0%, GPU1: 0%] | ETA: 818.4m
2025-07-06 10:24:17,416 - gpu_offsetter - ERROR - Error processing video /home/preston/penis/panoramics/playground/temp_video_257743398239211520.MP4: module 'cv2.cuda' has no attribute 'GaussianBlur'
2025-07-06 10:24:17,695 - gpu_offsetter - ERROR - Error processing video /home/preston/penis/panoramics/playground/temp_video_257228761450156032.MP4: module 'cv2.cuda' has no attribute 'GaussianBlur'
2025-07-06 10:24:17,990 - gpu_offsetter - ERROR - Error processing video /home/preston/penis/panoramics/playground/temp_video_257743713122390016(1).MP4: module 'cv2.cuda' has no attribute 'GaussianBlur'
2025-07-06 10:24:18,056 - gpu_offsetter - ERROR - Error processing video /home/preston/penis/panoramics/playground/temp_video_257743588501229568.MP4: module 'cv2.cuda' has no attribute 'GaussianBlur'
2025-07-06 10:24:18,063 - gpu_offsetter - ERROR - Error processing video /home/preston/penis/panoramics/playground/temp_video_257228963540111360.MP4: module 'cv2.cuda' has no attribute 'GaussianBlur'
2025-07-06 10:24:18,063 - gpu_offsetter - INFO - 🚀 Progress: 35/148895 (0.0%) | Success: 0.0% | GPU: 0.0% | Memory: [GPU0: 0%, GPU1: 0%] | ETA: 756.7m
2025-07-06 10:24:18,520 - gpu_offsetter - ERROR - Error processing video /home/preston/penis/panoramics/playground/temp_video_257772921898930176.MP4: module 'cv2.cuda' has no attribute 'GaussianBlur'
2025-07-06 10:24:18,689 - gpu_offsetter - ERROR - Error processing video /home/preston/penis/panoramics/playground/temp_video_257851179575279616.MP4: module 'cv2.cuda' has no attribute 'GaussianBlur'
2025-07-06 10:24:18,994 - gpu_offsetter - ERROR - Error processing video /home/preston/penis/panoramics/playground/temp_video_257229067357523968.MP4: module 'cv2.cuda' has no attribute 'GaussianBlur'
2025-07-06 10:24:19,212 - gpu_offsetter - ERROR - Error processing video /home/preston/penis/panoramics/playground/temp_video_257851359343149056.MP4: module 'cv2.cuda' has no attribute 'GaussianBlur'
2025-07-06 10:24:19,430 - gpu_offsetter - ERROR - Error processing video /home/preston/penis/panoramics/playground/temp_video_257734894283657216.MP4: module 'cv2.cuda' has no attribute 'GaussianBlur'
2025-07-06 10:24:19,430 - gpu_offsetter - INFO - 🚀 Progress: 40/148895 (0.0%) | Success: 0.0% | GPU: 0.0% | Memory: [GPU0: 0%, GPU1: 0%] | ETA: 746.9m
2025-07-06 10:24:19,592 - gpu_offsetter - ERROR - Error processing video /home/preston/penis/panoramics/playground/temp_video_257851438967816192.MP4: module 'cv2.cuda' has no attribute 'GaussianBlur'
2025-07-06 10:24:19,779 - gpu_offsetter - ERROR - Error processing video /home/preston/penis/panoramics/playground/temp_video_257735186676973568.MP4: module 'cv2.cuda' has no attribute 'GaussianBlur'
2025-07-06 10:24:20,057 - gpu_offsetter - ERROR - Error processing video /home/preston/penis/panoramics/playground/temp_video_258120568170090496.MP4: module 'cv2.cuda' has no attribute 'GaussianBlur'
2025-07-06 10:24:20,244 - gpu_offsetter - ERROR - Error processing video /home/preston/penis/panoramics/playground/temp_video_257743200578441216.MP4: module 'cv2.cuda' has no attribute 'GaussianBlur'
2025-07-06 10:24:20,508 - gpu_offsetter - ERROR - Error processing video /home/preston/penis/panoramics/playground/temp_video_257743331197456384.MP4: module 'cv2.cuda' has no attribute 'GaussianBlur'
2025-07-06 10:24:20,508 - gpu_offsetter - INFO - 🚀 Progress: 45/148895 (0.0%) | Success: 0.0% | GPU: 0.0% | Memory: [GPU0: 0%, GPU1: 0%] | ETA: 723.3m
2025-07-06 10:24:20,680 - gpu_offsetter - ERROR - Error processing video /home/preston/penis/panoramics/playground/temp_video_258120726022717440.MP4: module 'cv2.cuda' has no attribute 'GaussianBlur'
2025-07-06 10:24:20,926 - gpu_offsetter - ERROR - Error processing video /home/preston/penis/panoramics/playground/temp_video_257743518921920512.MP4: module 'cv2.cuda' has no attribute 'GaussianBlur'
2025-07-06 10:24:21,175 - gpu_offsetter - ERROR - Error processing video /home/preston/penis/panoramics/playground/temp_video_258120837519900672.MP4: module 'cv2.cuda' has no attribute 'GaussianBlur'
2025-07-06 10:24:21,363 - gpu_offsetter - ERROR - Error processing video /home/preston/penis/panoramics/playground/temp_video_257743651008942080.MP4: module 'cv2.cuda' has no attribute 'GaussianBlur'
2025-07-06 10:24:21,611 - gpu_offsetter - ERROR - Error processing video /home/preston/penis/panoramics/playground/temp_video_258121011289915392.MP4: module 'cv2.cuda' has no attribute 'GaussianBlur'
2025-07-06 10:24:21,611 - gpu_offsetter - INFO - 🚀 Progress: 50/148895 (0.0%) | Success: 0.0% | GPU: 0.0% | Memory: [GPU0: 0%, GPU1: 0%] | ETA: 705.6m
2025-07-06 10:24:21,750 - gpu_offsetter - ERROR - Error processing video /home/preston/penis/panoramics/playground/temp_video_257743713122390016.MP4: module 'cv2.cuda' has no attribute 'GaussianBlur'
2025-07-06 10:24:21,970 - gpu_offsetter - ERROR - Error processing video /home/preston/penis/panoramics/playground/temp_video_257773012462342144.MP4: module 'cv2.cuda' has no attribute 'GaussianBlur'
2025-07-06 10:24:22,185 - gpu_offsetter - ERROR - Error processing video /home/preston/penis/panoramics/playground/temp_video_258127490671710208(1).MP4: module 'cv2.cuda' has no attribute 'GaussianBlur'
2025-07-06 10:24:22,421 - gpu_offsetter - ERROR - Error processing video /home/preston/penis/panoramics/playground/temp_video_257773285935157248.MP4: module 'cv2.cuda' has no attribute 'GaussianBlur'
2025-07-06 10:24:22,586 - gpu_offsetter - ERROR - Error processing video /home/preston/penis/panoramics/playground/temp_video_258127688743518208.MP4: module 'cv2.cuda' has no attribute 'GaussianBlur'
2025-07-06 10:24:22,586 - gpu_offsetter - INFO - 🚀 Progress: 55/148895 (0.0%) | Success: 0.0% | GPU: 0.0% | Memory: [GPU0: 0%, GPU1: 0%] | ETA: 685.5m
2025-07-06 10:24:22,837 - gpu_offsetter - ERROR - Error processing video /home/preston/penis/panoramics/playground/temp_video_257851090437931008.MP4: module 'cv2.cuda' has no attribute 'GaussianBlur'
2025-07-06 10:24:22,999 - gpu_offsetter - ERROR - Error processing video /home/preston/penis/panoramics/playground/temp_video_257851342414938112.MP4: module 'cv2.cuda' has no attribute 'GaussianBlur'
2025-07-06 10:24:23,240 - gpu_offsetter - ERROR - Error processing video /home/preston/penis/panoramics/playground/temp_video_258132832960909312.MP4: module 'cv2.cuda' has no attribute 'GaussianBlur'
2025-07-06 10:24:23,431 - gpu_offsetter - ERROR - Error processing video /home/preston/penis/panoramics/playground/temp_video_257851438967816192(1).MP4: module 'cv2.cuda' has no attribute 'GaussianBlur'
2025-07-06 10:24:23,610 - gpu_offsetter - ERROR - Error processing video /home/preston/penis/panoramics/playground/temp_video_258132963298906112(1).MP4: module 'cv2.cuda' has no attribute 'GaussianBlur'
2025-07-06 10:24:23,611 - gpu_offsetter - INFO - 🚀 Progress: 60/148895 (0.0%) | Success: 0.0% | GPU: 0.0% | Memory: [GPU0: 0%, GPU1: 0%] | ETA: 670.7m
2025-07-06 10:24:23,817 - gpu_offsetter - ERROR - Error processing video /home/preston/penis/panoramics/playground/temp_video_258120568170090496(1).MP4: module 'cv2.cuda' has no attribute 'GaussianBlur'
2025-07-06 10:24:24,017 - gpu_offsetter - ERROR - Error processing video /home/preston/penis/panoramics/playground/temp_video_258133231302344704.MP4: module 'cv2.cuda' has no attribute 'GaussianBlur'
2025-07-06 10:24:24,209 - gpu_offsetter - ERROR - Error processing video /home/preston/penis/panoramics/playground/temp_video_258120726022717440(1).MP4: module 'cv2.cuda' has no attribute 'GaussianBlur'
2025-07-06 10:24:24,416 - gpu_offsetter - ERROR - Error processing video /home/preston/penis/panoramics/playground/temp_video_258135050527178752.MP4: module 'cv2.cuda' has no attribute 'GaussianBlur'
2025-07-06 10:24:24,561 - gpu_offsetter - ERROR - Error processing video /home/preston/penis/panoramics/playground/temp_video_258120788396216320.MP4: module 'cv2.cuda' has no attribute 'GaussianBlur'
2025-07-06 10:24:24,562 - gpu_offsetter - INFO - 🚀 Progress: 65/148895 (0.0%) | Success: 0.0% | GPU: 0.0% | Memory: [GPU0: 0%, GPU1: 0%] | ETA: 655.4m
2025-07-06 10:24:24,825 - gpu_offsetter - ERROR - Error processing video /home/preston/penis/panoramics/playground/temp_video_258135269390155776.MP4: module 'cv2.cuda' has no attribute 'GaussianBlur'
2025-07-06 10:24:25,148 - gpu_offsetter - ERROR - Error processing video /home/preston/penis/panoramics/playground/temp_video_258135610240270336.MP4: module 'cv2.cuda' has no attribute 'GaussianBlur'
2025-07-06 10:24:25,225 - gpu_offsetter - ERROR - Error processing video /home/preston/penis/panoramics/playground/temp_video_258120956227092480(1).MP4: module 'cv2.cuda' has no attribute 'GaussianBlur'
2025-07-06 10:24:25,416 - gpu_offsetter - ERROR - Error processing video /home/preston/penis/panoramics/playground/temp_video_258121152877039616(1).MP4: module 'cv2.cuda' has no attribute 'GaussianBlur'
2025-07-06 10:24:25,732 - gpu_offsetter - ERROR - Error processing video /home/preston/penis/panoramics/playground/temp_video_258659149791891456.MP4: module 'cv2.cuda' has no attribute 'GaussianBlur'
2025-07-06 10:24:25,733 - gpu_offsetter - INFO - 🚀 Progress: 70/148895 (0.0%) | Success: 0.0% | GPU: 0.0% | Memory: [GPU0: 0%, GPU1: 0%] | ETA: 650.0m
2025-07-06 10:24:26,014 - gpu_offsetter - ERROR - Error processing video /home/preston/penis/panoramics/playground/temp_video_258127233032388608.MP4: module 'cv2.cuda' has no attribute 'GaussianBlur'
2025-07-06 10:24:26,225 - gpu_offsetter - ERROR - Error processing video /home/preston/penis/panoramics/playground/temp_video_258127617339686912.MP4: module 'cv2.cuda' has no attribute 'GaussianBlur'
2025-07-06 10:24:26,384 - gpu_offsetter - ERROR - Error processing video /home/preston/penis/panoramics/playground/temp_video_258659533541347328.MP4: module 'cv2.cuda' has no attribute 'GaussianBlur'
2025-07-06 10:24:26,631 - gpu_offsetter - ERROR - Error processing video /home/preston/penis/panoramics/playground/temp_video_258127739830140928.MP4: module 'cv2.cuda' has no attribute 'GaussianBlur'
2025-07-06 10:24:26,841 - gpu_offsetter - ERROR - Error processing video /home/preston/penis/panoramics/playground/temp_video_258660434486231040.MP4: module 'cv2.cuda' has no attribute 'GaussianBlur'
2025-07-06 10:24:26,842 - gpu_offsetter - INFO - 🚀 Progress: 75/148895 (0.1%) | Success: 0.0% | GPU: 0.0% | Memory: [GPU0: 0%, GPU1: 0%] | ETA: 643.3m
2025-07-06 10:24:27,101 - gpu_offsetter - ERROR - Error processing video /home/preston/penis/panoramics/playground/temp_video_258132779210903552.MP4: module 'cv2.cuda' has no attribute 'GaussianBlur'
2025-07-06 10:24:27,319 - gpu_offsetter - ERROR - Error processing video /home/preston/penis/panoramics/playground/temp_video_260997663661494272.MP4: module 'cv2.cuda' has no attribute 'GaussianBlur'
2025-07-06 10:24:27,530 - gpu_offsetter - ERROR - Error processing video /home/preston/penis/panoramics/playground/temp_video_258132904662536192.MP4: module 'cv2.cuda' has no attribute 'GaussianBlur'
2025-07-06 10:24:27,778 - gpu_offsetter - ERROR - Error processing video /home/preston/penis/panoramics/playground/temp_video_265170491604467712.MP4: module 'cv2.cuda' has no attribute 'GaussianBlur'
2025-07-06 10:24:27,981 - gpu_offsetter - ERROR - Error processing video /home/preston/penis/panoramics/playground/temp_video_258133151262441472.MP4: module 'cv2.cuda' has no attribute 'GaussianBlur'
2025-07-06 10:24:27,981 - gpu_offsetter - INFO - 🚀 Progress: 80/148895 (0.1%) | Success: 0.0% | GPU: 0.0% | Memory: [GPU0: 0%, GPU1: 0%] | ETA: 638.4m
2025-07-06 10:24:28,206 - gpu_offsetter - ERROR - Error processing video /home/preston/penis/panoramics/playground/temp_video_265170931750535168.MP4: module 'cv2.cuda' has no attribute 'GaussianBlur'
2025-07-06 10:24:28,478 - gpu_offsetter - ERROR - Error processing video /home/preston/penis/panoramics/playground/temp_video_265171195836502016.MP4: module 'cv2.cuda' has no attribute 'GaussianBlur'
2025-07-06 10:24:28,631 - gpu_offsetter - ERROR - Error processing video /home/preston/penis/panoramics/playground/temp_video_258133398906732544.MP4: module 'cv2.cuda' has no attribute 'GaussianBlur'
2025-07-06 10:24:28,866 - gpu_offsetter - ERROR - Error processing video /home/preston/penis/panoramics/playground/temp_video_265171505791373312.MP4: module 'cv2.cuda' has no attribute 'GaussianBlur'
2025-07-06 10:24:29,135 - gpu_offsetter - ERROR - Error processing video /home/preston/penis/panoramics/playground/temp_video_265192374303461376.MP4: module 'cv2.cuda' has no attribute 'GaussianBlur'
2025-07-06 10:24:29,135 - gpu_offsetter - INFO - 🚀 Progress: 85/148895 (0.1%) | Success: 0.0% | GPU: 0.0% | Memory: [GPU0: 0%, GPU1: 0%] | ETA: 634.5m
2025-07-06 10:24:29,141 - gpu_offsetter - ERROR - Error processing video /home/preston/penis/panoramics/playground/temp_video_258135148782944256.MP4: module 'cv2.cuda' has no attribute 'GaussianBlur'
2025-07-06 10:24:29,383 - gpu_offsetter - ERROR - Error processing video /home/preston/penis/panoramics/playground/temp_video_258135352089247744.MP4: module 'cv2.cuda' has no attribute 'GaussianBlur'
2025-07-06 10:24:29,597 - gpu_offsetter - ERROR - Error processing video /home/preston/penis/panoramics/playground/temp_video_265192877200506880.MP4: module 'cv2.cuda' has no attribute 'GaussianBlur'
2025-07-06 10:24:29,798 - gpu_offsetter - ERROR - Error processing video /home/preston/penis/panoramics/playground/temp_video_258658988185358336.MP4: module 'cv2.cuda' has no attribute 'GaussianBlur'
2025-07-06 10:24:29,980 - gpu_offsetter - ERROR - Error processing video /home/preston/penis/panoramics/playground/temp_video_265193582091042816.MP4: module 'cv2.cuda' has no attribute 'GaussianBlur'
2025-07-06 10:24:29,980 - gpu_offsetter - INFO - 🚀 Progress: 90/148895 (0.1%) | Success: 0.0% | GPU: 0.0% | Memory: [GPU0: 0%, GPU1: 0%] | ETA: 622.5m
2025-07-06 10:24:30,158 - gpu_offsetter - ERROR - Error processing video /home/preston/penis/panoramics/playground/temp_video_258659212375101440.MP4: module 'cv2.cuda' has no attribute 'GaussianBlur'
2025-07-06 10:24:30,364 - gpu_offsetter - ERROR - Error processing video /home/preston/penis/panoramics/playground/temp_video_265194337313230848.MP4: module 'cv2.cuda' has no attribute 'GaussianBlur'
2025-07-06 10:24:30,528 - gpu_offsetter - ERROR - Error processing video /home/preston/penis/panoramics/playground/temp_video_258659319036252160.MP4: module 'cv2.cuda' has no attribute 'GaussianBlur'
2025-07-06 10:24:30,746 - gpu_offsetter - ERROR - Error processing video /home/preston/penis/panoramics/playground/temp_video_265197543590203392.MP4: module 'cv2.cuda' has no attribute 'GaussianBlur'
2025-07-06 10:24:31,030 - gpu_offsetter - ERROR - Error processing video /home/preston/penis/panoramics/playground/temp_video_258659666630807552.MP4: module 'cv2.cuda' has no attribute 'GaussianBlur'
2025-07-06 10:24:31,030 - gpu_offsetter - INFO - 🚀 Progress: 95/148895 (0.1%) | Success: 0.0% | GPU: 0.0% | Memory: [GPU0: 0%, GPU1: 0%] | ETA: 617.2m
2025-07-06 10:24:31,263 - gpu_offsetter - ERROR - Error processing video /home/preston/penis/panoramics/playground/temp_video_258660766637359104.MP4: module 'cv2.cuda' has no attribute 'GaussianBlur'
2025-07-06 10:24:31,502 - gpu_offsetter - ERROR - Error processing video /home/preston/penis/panoramics/playground/temp_video_265170283424387072.MP4: module 'cv2.cuda' has no attribute 'GaussianBlur'
2025-07-06 10:24:31,719 - gpu_offsetter - ERROR - Error processing video /home/preston/penis/panoramics/playground/temp_video_265170637348143104.MP4: module 'cv2.cuda' has no attribute 'GaussianBlur'
2025-07-06 10:24:31,946 - gpu_offsetter - ERROR - Error processing video /home/preston/penis/panoramics/playground/temp_video_265171083252994048.MP4: module 'cv2.cuda' has no attribute 'GaussianBlur'
2025-07-06 10:24:32,179 - gpu_offsetter - ERROR - Error processing video /home/preston/penis/panoramics/playground/temp_video_265171317538426880.MP4: module 'cv2.cuda' has no attribute 'GaussianBlur'
2025-07-06 10:24:32,179 - gpu_offsetter - INFO - 🚀 Progress: 100/148895 (0.1%) | Success: 0.0% | GPU: 0.0% | Memory: [GPU0: 0%, GPU1: 0%] | ETA: 614.8m
2025-07-06 10:24:32,313 - gpu_offsetter - ERROR - Error processing video /home/preston/penis/panoramics/playground/temp_video_265171623605174272.MP4: module 'cv2.cuda' has no attribute 'GaussianBlur'
2025-07-06 10:24:32,585 - gpu_offsetter - ERROR - Error processing video /home/preston/penis/panoramics/playground/temp_video_265192700465119232.MP4: module 'cv2.cuda' has no attribute 'GaussianBlur'
2025-07-06 10:24:32,697 - gpu_offsetter - ERROR - Error processing video /home/preston/penis/panoramics/playground/temp_video_265193381615894528.MP4: module 'cv2.cuda' has no attribute 'GaussianBlur'
2025-07-06 10:24:32,795 - gpu_offsetter - ERROR - Error processing video /home/preston/penis/panoramics/playground/temp_video_265194154802286592.MP4: module 'cv2.cuda' has no attribute 'GaussianBlur'
2025-07-06 10:24:33,025 - gpu_offsetter - ERROR - Error processing video /home/preston/penis/panoramics/playground/temp_video_265197459133693952.MP4: module 'cv2.cuda' has no attribute 'GaussianBlur'
2025-07-06 10:24:33,025 - gpu_offsetter - INFO - 🚀 Progress: 105/148895 (0.1%) | Success: 0.0% | GPU: 0.0% | Memory: [GPU0: 0%, GPU1: 0%] | ETA: 605.5m
2025-07-06 10:24:33,026 - gpu_offsetter - INFO - 🧹 Cleaning up GPU resources
2025-07-06 10:24:33,026 - gpu_offsetter - INFO - 💾 Saving GPU-enhanced results to gpu_enhanced_results.json
2025-07-06 10:24:37,251 - gpu_offsetter - INFO - ================================================================================
2025-07-06 10:24:37,251 - gpu_offsetter - INFO - 🎮 GPU PROCESSING COMPLETE
2025-07-06 10:24:37,251 - gpu_offsetter - INFO - Total processed: 105/148895
2025-07-06 10:24:37,251 - gpu_offsetter - INFO - Successful offsets: 0
2025-07-06 10:24:37,251 - gpu_offsetter - INFO - GPU processed: 0
2025-07-06 10:24:37,251 - gpu_offsetter - INFO - GPU utilization: 0.0%
2025-07-06 10:24:37,251 - gpu_offsetter - INFO - Success rate: 0.0%
2025-07-06 10:24:37,251 - gpu_offsetter - INFO - Processing rate: 3.52 matches/second
2025-07-06 10:24:37,251 - gpu_offsetter - INFO - Total time: 0.5 minutes
2025-07-06 10:24:37,251 - gpu_offsetter - INFO - ================================================================================
2025-07-06 10:24:37,251 - gpu_offsetter - INFO - 
🎮 GPU PERFORMANCE SUMMARY:
2025-07-06 10:24:37,251 - gpu_offsetter - INFO -    Total GPU processing time: 0.4 minutes
2025-07-06 10:24:37,251 - gpu_offsetter - INFO -    GPU acceleration rate: 0.0%
2025-07-06 10:24:37,251 - gpu_offsetter - INFO -    Effective GPU speedup: ~2x theoretical
2025-07-06 10:24:37,251 - gpu_offsetter - INFO -    Results saved to: gpu_enhanced_results.json
