2025-06-25 14:57:56,184 - INFO - Loading AI models...
2025-06-25 14:57:59,878 - INFO - Using device: cuda
2025-06-25 14:57:59,878 - INFO - Loading matcher50 results from: MatcherFiles/complete_turbo_360_report_ramcache.json
2025-06-25 14:58:01,036 - INFO - Starting batch processing of matched videos...
2025-06-25 14:58:01,036 - INFO - Found 2 videos to process
2025-06-25 14:58:01,036 - WARNING - No matches found for processing_info
2025-06-25 14:58:01,036 - WARNING - No matches found for results
2025-06-25 14:58:01,036 - INFO - Processing complete! Report saved to: Output/processing_reports/final_report.json
2025-06-25 14:58:01,036 - INFO - Processed: 0 videos
2025-06-25 14:58:01,036 - INFO - Failed: 0 videos
2025-06-25 14:58:01,036 - INFO - Success rate: 0.0%
2025-06-25 14:58:01,036 - INFO - All processing complete!
2025-06-25 17:20:19,075 - INFO - Loading AI models...
2025-06-25 17:20:19,608 - INFO - Using device: cuda
2025-06-25 17:20:19,609 - INFO - Loading matcher50 results from: MatcherFiles/complete_turbo_360_report_ramcache.json
2025-06-25 17:20:20,767 - INFO - Starting batch processing of matched videos...
2025-06-25 17:20:20,767 - INFO - Found 2 videos to process
2025-06-25 17:20:20,767 - WARNING - No matches found for processing_info
2025-06-25 17:20:20,767 - WARNING - No matches found for results
2025-06-25 17:20:20,768 - INFO - Processing complete! Report saved to: Output/processing_reports/final_report.json
2025-06-25 17:20:20,768 - INFO - Processed: 0 videos
2025-06-25 17:20:20,768 - INFO - Failed: 0 videos
2025-06-25 17:20:20,768 - INFO - Success rate: 0.0%
2025-06-25 17:20:20,768 - INFO - All processing complete!
